[debug] [2025-05-15T13:24:40.718Z] ----------------------------------------------------------------------
[debug] [2025-05-15T13:24:40.723Z] Command:       C:\Program Files\nodejs\node.exe C:\Users\egeme\AppData\Roaming\npm\node_modules\firebase-tools\lib\bin\firebase.js emulators:start --import=firebase_import
[debug] [2025-05-15T13:24:40.724Z] CLI Version:   14.3.1
[debug] [2025-05-15T13:24:40.724Z] Platform:      win32
[debug] [2025-05-15T13:24:40.724Z] Node Version:  v22.11.0
[debug] [2025-05-15T13:24:40.725Z] Time:          Thu May 15 2025 16:24:40 GMT+0300 (GMT+03:00)
[debug] [2025-05-15T13:24:40.725Z] ----------------------------------------------------------------------
[debug] 
[debug] [2025-05-15T13:24:41.061Z] > command requires scopes: ["email","openid","https://www.googleapis.com/auth/cloudplatformprojects.readonly","https://www.googleapis.com/auth/firebase","https://www.googleapis.com/auth/cloud-platform"]
[debug] [2025-05-15T13:24:41.062Z] > authorizing via signed-in user (egemenaybir@hotmail.com)
[debug] [2025-05-15T13:24:41.168Z] openjdk version "21.0.7" 2025-04-15 LTS

[debug] [2025-05-15T13:24:41.169Z] OpenJDK Runtime Environment Zulu21.42+19-CA (build 21.0.7+6-LTS)
OpenJDK 64-Bit Server VM Zulu21.42+19-CA (build 21.0.7+6-LTS, mixed mode, sharing)

[debug] [2025-05-15T13:24:41.192Z] Parsed Java major version: 21
[info] i  emulators: Starting emulators: auth, functions, firestore, storage, extensions {"metadata":{"emulator":{"name":"hub"},"message":"Starting emulators: auth, functions, firestore, storage, extensions"}}
[debug] [2025-05-15T13:24:41.196Z] Checked if tokens are valid: true, expires at: 1747317830930
[debug] [2025-05-15T13:24:41.196Z] Checked if tokens are valid: true, expires at: 1747317830930
[debug] [2025-05-15T13:24:41.197Z] >>> [apiv2][query] GET https://serviceusage.googleapis.com/v1/projects/plus-gymmate/services/cloudresourcemanager.googleapis.com [none]
[debug] [2025-05-15T13:24:41.197Z] >>> [apiv2][(partial)header] GET https://serviceusage.googleapis.com/v1/projects/plus-gymmate/services/cloudresourcemanager.googleapis.com x-goog-quota-user=projects/plus-gymmate
[debug] [2025-05-15T13:24:42.249Z] <<< [apiv2][status] GET https://serviceusage.googleapis.com/v1/projects/plus-gymmate/services/cloudresourcemanager.googleapis.com 403
[debug] [2025-05-15T13:24:42.250Z] <<< [apiv2][body] GET https://serviceusage.googleapis.com/v1/projects/plus-gymmate/services/cloudresourcemanager.googleapis.com [omitted]
[debug] [2025-05-15T13:24:42.250Z] Unable to check that https://cloudresourcemanager.googleapis.com is enabled on plus-gymmate. Calls to it will fail if it is not enabled
[debug] [2025-05-15T13:24:42.251Z] Checked if tokens are valid: true, expires at: 1747317830930
[debug] [2025-05-15T13:24:42.251Z] Checked if tokens are valid: true, expires at: 1747317830930
[debug] [2025-05-15T13:24:42.251Z] >>> [apiv2][query] GET https://cloudresourcemanager.googleapis.com/v1/projects/plus-gymmate [none]
[debug] [2025-05-15T13:24:49.856Z] <<< [apiv2][status] GET https://cloudresourcemanager.googleapis.com/v1/projects/plus-gymmate 403
[debug] [2025-05-15T13:24:49.856Z] <<< [apiv2][body] GET https://cloudresourcemanager.googleapis.com/v1/projects/plus-gymmate {"error":{"code":403,"message":"The caller does not have permission","status":"PERMISSION_DENIED"}}
[error] !!  extensions: Unable to look up project number for plus-gymmate.
 If this is a real project, ensure that you are logged in and have access to it.
 If this is a fake project, please use a project ID starting with 'demo-' to skip production calls.
 Continuing with a fake project number - secrets and other features that require production access may behave unexpectedly. {"metadata":{"emulator":{"name":"extensions"},"message":"Unable to look up project number for plus-gymmate.\n If this is a real project, ensure that you are logged in and have access to it.\n If this is a fake project, please use a project ID starting with 'demo-' to skip production calls.\n Continuing with a fake project number - secrets and other features that require production access may behave unexpectedly."}}
[debug] [2025-05-15T13:24:49.885Z] [logging] Logging Emulator only supports listening on one address (127.0.0.1). Not listening on ::1
[debug] [2025-05-15T13:24:49.886Z] [auth] Authentication Emulator only supports listening on one address (127.0.0.1). Not listening on ::1
[debug] [2025-05-15T13:24:49.887Z] [firestore] Firestore Emulator only supports listening on one address (127.0.0.1). Not listening on ::1
[debug] [2025-05-15T13:24:49.887Z] [firestore.websocket] websocket server for firestore only supports listening on one address (127.0.0.1). Not listening on ::1
[debug] [2025-05-15T13:24:49.887Z] [storage] Storage Emulator only supports listening on one address (127.0.0.1). Not listening on ::1
[debug] [2025-05-15T13:24:49.888Z] assigned listening specs for emulators {"user":{"hub":[{"address":"127.0.0.1","family":"IPv4","port":4400},{"address":"::1","family":"IPv6","port":4400}],"ui":[{"address":"127.0.0.1","family":"IPv4","port":7000},{"address":"::1","family":"IPv6","port":7000}],"logging":[{"address":"127.0.0.1","family":"IPv4","port":4500}],"auth":[{"address":"127.0.0.1","family":"IPv4","port":9099}],"firestore":[{"address":"127.0.0.1","family":"IPv4","port":9299}],"firestore.websocket":[{"address":"127.0.0.1","family":"IPv4","port":9150}],"storage":[{"address":"127.0.0.1","family":"IPv4","port":9199}]},"metadata":{"message":"assigned listening specs for emulators"}}
[debug] [2025-05-15T13:24:49.899Z] [hub] writing locator at C:\Users\egeme\AppData\Local\Temp\hub-plus-gymmate.json
[debug] [2025-05-15T13:24:49.914Z] [Extensions] Started Extensions emulator, this is a noop.
[debug] [2025-05-15T13:24:49.921Z] [functions] Functions Emulator only supports listening on one address (127.0.0.1). Not listening on ::1
[warn] !  eventarc: Eventarc Emulator unable to start on port 9299, starting on 9300 instead. {"metadata":{"emulator":{"name":"eventarc"},"message":"Eventarc Emulator unable to start on port 9299, starting on 9300 instead."}}
[debug] [2025-05-15T13:24:49.922Z] [eventarc] Eventarc Emulator only supports listening on one address (127.0.0.1). Not listening on ::1
[debug] [2025-05-15T13:24:49.923Z] [tasks] Cloud Tasks Emulator only supports listening on one address (127.0.0.1). Not listening on ::1
[debug] [2025-05-15T13:24:49.923Z] late-assigned ports for functions and eventarc emulators {"user":{"hub":[{"address":"127.0.0.1","family":"IPv4","port":4400},{"address":"::1","family":"IPv6","port":4400}],"ui":[{"address":"127.0.0.1","family":"IPv4","port":7000},{"address":"::1","family":"IPv6","port":7000}],"logging":[{"address":"127.0.0.1","family":"IPv4","port":4500}],"auth":[{"address":"127.0.0.1","family":"IPv4","port":9099}],"firestore":[{"address":"127.0.0.1","family":"IPv4","port":9299}],"firestore.websocket":[{"address":"127.0.0.1","family":"IPv4","port":9150}],"storage":[{"address":"127.0.0.1","family":"IPv4","port":9199}],"functions":[{"address":"127.0.0.1","family":"IPv4","port":5001}],"eventarc":[{"address":"127.0.0.1","family":"IPv4","port":9300}],"tasks":[{"address":"127.0.0.1","family":"IPv4","port":9499}]},"metadata":{"message":"late-assigned ports for functions and eventarc emulators"}}
[warn] !  functions: The following emulators are not running, calls to these services from the Functions emulator will affect production: apphosting, database, hosting, pubsub, dataconnect {"metadata":{"emulator":{"name":"functions"},"message":"The following emulators are not running, calls to these services from the Functions emulator will affect production: \u001b[1mapphosting, database, hosting, pubsub, dataconnect\u001b[22m"}}
[debug] [2025-05-15T13:24:52.949Z] defaultcredentials: writing to file C:\Users\egeme\AppData\Roaming\firebase\egemenaybir_hotmail_com_application_default_credentials.json
[debug] [2025-05-15T13:24:52.956Z] Setting GAC to C:\Users\egeme\AppData\Roaming\firebase\egemenaybir_hotmail_com_application_default_credentials.json {"metadata":{"emulator":{"name":"functions"},"message":"Setting GAC to C:\\Users\\egeme\\AppData\\Roaming\\firebase\\egemenaybir_hotmail_com_application_default_credentials.json"}}
[debug] [2025-05-15T13:24:52.957Z] Checked if tokens are valid: true, expires at: 1747317830930
[debug] [2025-05-15T13:24:52.957Z] Checked if tokens are valid: true, expires at: 1747317830930
[debug] [2025-05-15T13:24:52.957Z] >>> [apiv2][query] GET https://firebase.googleapis.com/v1beta1/projects/plus-gymmate/adminSdkConfig [none]
[debug] [2025-05-15T13:25:00.546Z] <<< [apiv2][status] GET https://firebase.googleapis.com/v1beta1/projects/plus-gymmate/adminSdkConfig 403
[debug] [2025-05-15T13:25:00.546Z] <<< [apiv2][body] GET https://firebase.googleapis.com/v1beta1/projects/plus-gymmate/adminSdkConfig {"error":{"code":403,"message":"The caller does not have permission","status":"PERMISSION_DENIED"}}
[debug] [2025-05-15T13:25:00.546Z] Failed to get Admin SDK config for plus-gymmate, falling back to cache Failed to get Admin SDK for Firebase project plus-gymmate. Please make sure the project exists and your account has permission to access it. {"name":"FirebaseError","children":[],"exit":2,"message":"Failed to get Admin SDK for Firebase project plus-gymmate. Please make sure the project exists and your account has permission to access it.","original":{"name":"FirebaseError","children":[],"context":{"body":{"error":{"code":403,"message":"The caller does not have permission","status":"PERMISSION_DENIED"}},"response":{"statusCode":403}},"exit":1,"message":"Request to https://firebase.googleapis.com/v1beta1/projects/plus-gymmate/adminSdkConfig had HTTP Error: 403, The caller does not have permission","status":403},"status":500}
[warn] !  functions: Unable to fetch project Admin SDK configuration, Admin SDK behavior in Cloud Functions emulator may be incorrect. {"metadata":{"emulator":{"name":"functions"},"message":"Unable to fetch project Admin SDK configuration, Admin SDK behavior in Cloud Functions emulator may be incorrect."}}
[info] i  firestore: Importing data from D:\vs-code-projects\GymMatePlus\firebase_import\firestore_export\firestore_export.overall_export_metadata {"metadata":{"emulator":{"name":"firestore"},"message":"Importing data from D:\\vs-code-projects\\GymMatePlus\\firebase_import\\firestore_export\\firestore_export.overall_export_metadata"}}
[debug] [2025-05-15T13:25:00.586Z] Ignoring unsupported arg: auto_download {"metadata":{"emulator":{"name":"firestore"},"message":"Ignoring unsupported arg: auto_download"}}
[debug] [2025-05-15T13:25:00.586Z] Ignoring unsupported arg: single_project_mode_error {"metadata":{"emulator":{"name":"firestore"},"message":"Ignoring unsupported arg: single_project_mode_error"}}
[debug] [2025-05-15T13:25:00.586Z] Starting Firestore Emulator with command {"binary":"java","args":["-Dgoogle.cloud_firestore.debug_log_level=FINE","-Duser.language=en","-jar","C:\\Users\\egeme\\.cache\\firebase\\emulators\\cloud-firestore-emulator-v1.19.8.jar","--host","127.0.0.1","--port",9299,"--websocket_port",9150,"--project_id","plus-gymmate","--seed_from_export","D:\\vs-code-projects\\GymMatePlus\\firebase_import\\firestore_export\\firestore_export.overall_export_metadata","--rules","D:\\vs-code-projects\\GymMatePlus\\firestore.rules","--single_project_mode",true,"--functions_emulator","127.0.0.1:5001"],"optionalArgs":["port","webchannel_port","host","rules","websocket_port","functions_emulator","seed_from_export","project_id","single_project_mode"],"joinArgs":false,"shell":false,"port":9299} {"metadata":{"emulator":{"name":"firestore"},"message":"Starting Firestore Emulator with command {\"binary\":\"java\",\"args\":[\"-Dgoogle.cloud_firestore.debug_log_level=FINE\",\"-Duser.language=en\",\"-jar\",\"C:\\\\Users\\\\egeme\\\\.cache\\\\firebase\\\\emulators\\\\cloud-firestore-emulator-v1.19.8.jar\",\"--host\",\"127.0.0.1\",\"--port\",9299,\"--websocket_port\",9150,\"--project_id\",\"plus-gymmate\",\"--seed_from_export\",\"D:\\\\vs-code-projects\\\\GymMatePlus\\\\firebase_import\\\\firestore_export\\\\firestore_export.overall_export_metadata\",\"--rules\",\"D:\\\\vs-code-projects\\\\GymMatePlus\\\\firestore.rules\",\"--single_project_mode\",true,\"--functions_emulator\",\"127.0.0.1:5001\"],\"optionalArgs\":[\"port\",\"webchannel_port\",\"host\",\"rules\",\"websocket_port\",\"functions_emulator\",\"seed_from_export\",\"project_id\",\"single_project_mode\"],\"joinArgs\":false,\"shell\":false,\"port\":9299}"}}
[info] i  firestore: Firestore Emulator logging to firestore-debug.log {"metadata":{"emulator":{"name":"firestore"},"message":"Firestore Emulator logging to \u001b[1mfirestore-debug.log\u001b[22m"}}
[debug] [2025-05-15T13:25:02.529Z] May 15, 2025 4:25:02 PM com.google.cloud.datastore.emulator.firestore.websocket.WebSocketServer start
INFO: Started WebSocket server on ws://127.0.0.1:9150
 {"metadata":{"emulator":{"name":"firestore"},"message":"May 15, 2025 4:25:02 PM com.google.cloud.datastore.emulator.firestore.websocket.WebSocketServer start\r\nINFO: Started WebSocket server on ws://127.0.0.1:9150\r\n"}}
[debug] [2025-05-15T13:25:02.623Z] API endpoint: http:// {"metadata":{"emulator":{"name":"firestore"},"message":"API endpoint: http://"}}
[debug] [2025-05-15T13:25:02.624Z] 127.0.0.1:9299 {"metadata":{"emulator":{"name":"firestore"},"message":"127.0.0.1:9299"}}
[debug] [2025-05-15T13:25:02.624Z] 
If you are using a library that supports the FIRESTORE_EMULATOR_HOST environment variable, run:

   export FIRESTORE_EMULATOR_HOST=127.0.0.1:9299

If you are running a Firestore in Datastore Mode project, run:

   export DATASTORE_EMULATOR_HOST=127.0.0.1:9299

Note: Support for Datastore Mode is in preview. If you encounter any bugs please file at https://github.com/firebase/firebase-tools/issues.
Dev App Server is now running.

 {"metadata":{"emulator":{"name":"firestore"},"message":"\nIf you are using a library that supports the FIRESTORE_EMULATOR_HOST environment variable, run:\r\n\n   export FIRESTORE_EMULATOR_HOST=127.0.0.1:9299\n\nIf you are running a Firestore in Datastore Mode project, run:\r\n\n   export DATASTORE_EMULATOR_HOST=127.0.0.1:9299\n\nNote: Support for Datastore Mode is in preview. If you encounter any bugs please file at https://github.com/firebase/firebase-tools/issues.\r\nDev App Server is now running.\n\r\n"}}
[info] +  firestore: Firestore Emulator UI websocket is running on 9150. {"metadata":{"emulator":{"name":"firestore"},"message":"Firestore Emulator UI websocket is running on 9150."}}
[debug] [2025-05-15T13:25:11.187Z] May 15, 2025 4:25:02 PM io.gapi.emulators.netty.HttpVersionRoutingHandler channelRead
INFO: Detected non-HTTP/2 connection.
May 15, 2025 4:25:04 PM io.gapi.emulators.netty.HttpVersionRoutingHandler channelRead
INFO: Detected non-HTTP/2 connection.
May 15, 2025 4:25:04 PM io.gapi.emulators.netty.HttpVersionRoutingHandler channelRead
INFO: Detected non-HTTP/2 connection.
 {"metadata":{"emulator":{"name":"firestore"},"message":"May 15, 2025 4:25:02 PM io.gapi.emulators.netty.HttpVersionRoutingHandler channelRead\r\nINFO: Detected non-HTTP/2 connection.\r\nMay 15, 2025 4:25:04 PM io.gapi.emulators.netty.HttpVersionRoutingHandler channelRead\r\nINFO: Detected non-HTTP/2 connection.\r\nMay 15, 2025 4:25:04 PM io.gapi.emulators.netty.HttpVersionRoutingHandler channelRead\r\nINFO: Detected non-HTTP/2 connection.\r\n"}}
[info] i  auth: Importing config from D:\vs-code-projects\GymMatePlus\firebase_import\auth_export\config.json {"metadata":{"emulator":{"name":"auth"},"message":"Importing config from D:\\vs-code-projects\\GymMatePlus\\firebase_import\\auth_export\\config.json"}}
[info] i  auth: Importing accounts from D:\vs-code-projects\GymMatePlus\firebase_import\auth_export\accounts.json {"metadata":{"emulator":{"name":"auth"},"message":"Importing accounts from D:\\vs-code-projects\\GymMatePlus\\firebase_import\\auth_export\\accounts.json"}}
[debug] [2025-05-15T13:25:11.265Z] Ignoring unsupported arg: port {"metadata":{"emulator":{"name":"storage"},"message":"Ignoring unsupported arg: port"}}
[debug] [2025-05-15T13:25:12.439Z] Temp file directory for storage emulator: C:\Users\egeme\AppData\Local\Temp/firebase/storage/blobs {"metadata":{"emulator":{"name":"storage"},"message":"Temp file directory for storage emulator: C:\\Users\\egeme\\AppData\\Local\\Temp/firebase/storage/blobs"}}
[warn] Could not find metadata directory at "D:\vs-code-projects\GymMatePlus\firebase_import\storage_export\metadata" and/or blobs directory at "D:\vs-code-projects\GymMatePlus\firebase_import\storage_export\blobs".
[info] i  ui: downloading ui-v1.15.0.zip... {"metadata":{"emulator":{"name":"ui"},"message":"downloading ui-v1.15.0.zip..."}}
[debug] [2025-05-15T13:25:12.468Z] >>> [apiv2][query] GET https://storage.googleapis.com/firebase-preview-drop/emulator/ui-v1.15.0.zip 
[debug] [2025-05-15T13:25:15.634Z] May 15, 2025 4:25:15 PM io.gapi.emulators.netty.HttpVersionRoutingHandler channelRead
INFO: Detected non-HTTP/2 connection.
 {"metadata":{"emulator":{"name":"firestore"},"message":"May 15, 2025 4:25:15 PM io.gapi.emulators.netty.HttpVersionRoutingHandler channelRead\r\nINFO: Detected non-HTTP/2 connection.\r\n"}}
[debug] [2025-05-15T13:25:15.883Z] May 15, 2025 4:25:15 PM io.gapi.emulators.netty.HttpVersionRoutingHandler channelRead
INFO: Detected non-HTTP/2 connection.
 {"metadata":{"emulator":{"name":"firestore"},"message":"May 15, 2025 4:25:15 PM io.gapi.emulators.netty.HttpVersionRoutingHandler channelRead\r\nINFO: Detected non-HTTP/2 connection.\r\n"}}
[debug] [2025-05-15T13:25:16.032Z] May 15, 2025 4:25:16 PM io.gapi.emulators.netty.HttpVersionRoutingHandler channelRead
INFO: Detected non-HTTP/2 connection.
 {"metadata":{"emulator":{"name":"firestore"},"message":"May 15, 2025 4:25:16 PM io.gapi.emulators.netty.HttpVersionRoutingHandler channelRead\r\nINFO: Detected non-HTTP/2 connection.\r\n"}}
[debug] [2025-05-15T13:25:16.216Z] May 15, 2025 4:25:16 PM io.gapi.emulators.netty.HttpVersionRoutingHandler channelRead
INFO: Detected non-HTTP/2 connection.
 {"metadata":{"emulator":{"name":"firestore"},"message":"May 15, 2025 4:25:16 PM io.gapi.emulators.netty.HttpVersionRoutingHandler channelRead\r\nINFO: Detected non-HTTP/2 connection.\r\n"}}
[debug] [2025-05-15T13:25:16.374Z] May 15, 2025 4:25:16 PM io.gapi.emulators.netty.HttpVersionRoutingHandler channelRead
INFO: Detected non-HTTP/2 connection.
 {"metadata":{"emulator":{"name":"firestore"},"message":"May 15, 2025 4:25:16 PM io.gapi.emulators.netty.HttpVersionRoutingHandler channelRead\r\nINFO: Detected non-HTTP/2 connection.\r\n"}}
[debug] [2025-05-15T13:25:19.802Z] <<< [apiv2][status] GET https://storage.googleapis.com/firebase-preview-drop/emulator/ui-v1.15.0.zip 200
[debug] [2025-05-15T13:25:19.802Z] <<< [apiv2][body] GET https://storage.googleapis.com/firebase-preview-drop/emulator/ui-v1.15.0.zip [stream]
[debug] [2025-05-15T13:25:20.461Z] Data is 3538469
[debug] [2025-05-15T13:25:20.462Z] [unzip] Entry: client/ (compressed_size=0 bytes, uncompressed_size=0 bytes)
[debug] [2025-05-15T13:25:20.462Z] [unzip] Processing entry: client\
[debug] [2025-05-15T13:25:20.463Z] [unzip] mkdir: C:\Users\egeme\.cache\firebase\emulators\ui-v1.15.0\client\
[debug] [2025-05-15T13:25:20.464Z] [unzip] Entry: client/favicon-16x16.png (compressed_size=293 bytes, uncompressed_size=293 bytes)
[debug] [2025-05-15T13:25:20.464Z] [unzip] Processing entry: client\favicon-16x16.png
[debug] [2025-05-15T13:25:20.464Z] [unzip] else mkdir: C:\Users\egeme\.cache\firebase\emulators\ui-v1.15.0\client
[debug] [2025-05-15T13:25:20.464Z] [unzip] Writing file: C:\Users\egeme\.cache\firebase\emulators\ui-v1.15.0\client\favicon-16x16.png
[debug] [2025-05-15T13:25:20.466Z] [unzip] Entry: client/safari-pinned-tab.svg (compressed_size=1433 bytes, uncompressed_size=2611 bytes)
[debug] [2025-05-15T13:25:20.466Z] [unzip] Processing entry: client\safari-pinned-tab.svg
[debug] [2025-05-15T13:25:20.466Z] [unzip] else mkdir: C:\Users\egeme\.cache\firebase\emulators\ui-v1.15.0\client
[debug] [2025-05-15T13:25:20.467Z] [unzip] deflating: C:\Users\egeme\.cache\firebase\emulators\ui-v1.15.0\client\safari-pinned-tab.svg
[debug] [2025-05-15T13:25:20.472Z] [unzip] Entry: client/favicon.ico (compressed_size=2933 bytes, uncompressed_size=13294 bytes)
[debug] [2025-05-15T13:25:20.472Z] [unzip] Processing entry: client\favicon.ico
[debug] [2025-05-15T13:25:20.472Z] [unzip] else mkdir: C:\Users\egeme\.cache\firebase\emulators\ui-v1.15.0\client
[debug] [2025-05-15T13:25:20.474Z] [unzip] deflating: C:\Users\egeme\.cache\firebase\emulators\ui-v1.15.0\client\favicon.ico
[debug] [2025-05-15T13:25:20.479Z] [unzip] Entry: client/index.html (compressed_size=1364 bytes, uncompressed_size=3071 bytes)
[debug] [2025-05-15T13:25:20.479Z] [unzip] Processing entry: client\index.html
[debug] [2025-05-15T13:25:20.480Z] [unzip] else mkdir: C:\Users\egeme\.cache\firebase\emulators\ui-v1.15.0\client
[debug] [2025-05-15T13:25:20.480Z] [unzip] deflating: C:\Users\egeme\.cache\firebase\emulators\ui-v1.15.0\client\index.html
[debug] [2025-05-15T13:25:20.482Z] [unzip] Entry: client/android-chrome-192x192.png (compressed_size=2684 bytes, uncompressed_size=2684 bytes)
[debug] [2025-05-15T13:25:20.482Z] [unzip] Processing entry: client\android-chrome-192x192.png
[debug] [2025-05-15T13:25:20.482Z] [unzip] else mkdir: C:\Users\egeme\.cache\firebase\emulators\ui-v1.15.0\client
[debug] [2025-05-15T13:25:20.487Z] [unzip] Writing file: C:\Users\egeme\.cache\firebase\emulators\ui-v1.15.0\client\android-chrome-192x192.png
[debug] [2025-05-15T13:25:20.489Z] [unzip] Entry: client/apple-touch-icon.png (compressed_size=2123 bytes, uncompressed_size=2152 bytes)
[debug] [2025-05-15T13:25:20.489Z] [unzip] Processing entry: client\apple-touch-icon.png
[debug] [2025-05-15T13:25:20.489Z] [unzip] else mkdir: C:\Users\egeme\.cache\firebase\emulators\ui-v1.15.0\client
[debug] [2025-05-15T13:25:20.490Z] [unzip] deflating: C:\Users\egeme\.cache\firebase\emulators\ui-v1.15.0\client\apple-touch-icon.png
[debug] [2025-05-15T13:25:20.493Z] [unzip] Entry: client/android-chrome-512x512.png (compressed_size=5369 bytes, uncompressed_size=5411 bytes)
[debug] [2025-05-15T13:25:20.494Z] [unzip] Processing entry: client\android-chrome-512x512.png
[debug] [2025-05-15T13:25:20.494Z] [unzip] else mkdir: C:\Users\egeme\.cache\firebase\emulators\ui-v1.15.0\client
[debug] [2025-05-15T13:25:20.494Z] [unzip] deflating: C:\Users\egeme\.cache\firebase\emulators\ui-v1.15.0\client\android-chrome-512x512.png
[debug] [2025-05-15T13:25:20.496Z] [unzip] Entry: client/manifest.json (compressed_size=245 bytes, uncompressed_size=551 bytes)
[debug] [2025-05-15T13:25:20.497Z] [unzip] Processing entry: client\manifest.json
[debug] [2025-05-15T13:25:20.497Z] [unzip] else mkdir: C:\Users\egeme\.cache\firebase\emulators\ui-v1.15.0\client
[debug] [2025-05-15T13:25:20.497Z] [unzip] deflating: C:\Users\egeme\.cache\firebase\emulators\ui-v1.15.0\client\manifest.json
[debug] [2025-05-15T13:25:20.499Z] [unzip] Entry: client/robots.txt (compressed_size=26 bytes, uncompressed_size=26 bytes)
[debug] [2025-05-15T13:25:20.499Z] [unzip] Processing entry: client\robots.txt
[debug] [2025-05-15T13:25:20.499Z] [unzip] else mkdir: C:\Users\egeme\.cache\firebase\emulators\ui-v1.15.0\client
[debug] [2025-05-15T13:25:20.502Z] [unzip] Writing file: C:\Users\egeme\.cache\firebase\emulators\ui-v1.15.0\client\robots.txt
[debug] [2025-05-15T13:25:20.504Z] [unzip] Entry: client/mstile-150x150.png (compressed_size=2034 bytes, uncompressed_size=2034 bytes)
[debug] [2025-05-15T13:25:20.504Z] [unzip] Processing entry: client\mstile-150x150.png
[debug] [2025-05-15T13:25:20.504Z] [unzip] else mkdir: C:\Users\egeme\.cache\firebase\emulators\ui-v1.15.0\client
[debug] [2025-05-15T13:25:20.504Z] [unzip] Writing file: C:\Users\egeme\.cache\firebase\emulators\ui-v1.15.0\client\mstile-150x150.png
[debug] [2025-05-15T13:25:20.507Z] [unzip] Entry: client/assets/ (compressed_size=0 bytes, uncompressed_size=0 bytes)
[debug] [2025-05-15T13:25:20.507Z] [unzip] Processing entry: client\assets\
[debug] [2025-05-15T13:25:20.507Z] [unzip] mkdir: C:\Users\egeme\.cache\firebase\emulators\ui-v1.15.0\client\assets\
[debug] [2025-05-15T13:25:20.507Z] [unzip] Entry: client/assets/index-BX-A56oj.js (compressed_size=582089 bytes, uncompressed_size=2092775 bytes)
[debug] [2025-05-15T13:25:20.508Z] [unzip] Processing entry: client\assets\index-BX-A56oj.js
[debug] [2025-05-15T13:25:20.508Z] [unzip] else mkdir: C:\Users\egeme\.cache\firebase\emulators\ui-v1.15.0\client\assets
[debug] [2025-05-15T13:25:20.508Z] [unzip] deflating: C:\Users\egeme\.cache\firebase\emulators\ui-v1.15.0\client\assets\index-BX-A56oj.js
[debug] [2025-05-15T13:25:20.548Z] [unzip] Entry: client/assets/index-CjB9C900.css (compressed_size=35979 bytes, uncompressed_size=298654 bytes)
[debug] [2025-05-15T13:25:20.548Z] [unzip] Processing entry: client\assets\index-CjB9C900.css
[debug] [2025-05-15T13:25:20.548Z] [unzip] else mkdir: C:\Users\egeme\.cache\firebase\emulators\ui-v1.15.0\client\assets
[debug] [2025-05-15T13:25:20.549Z] [unzip] deflating: C:\Users\egeme\.cache\firebase\emulators\ui-v1.15.0\client\assets\index-CjB9C900.css
[debug] [2025-05-15T13:25:20.554Z] [unzip] Entry: client/assets/index-BX-A56oj.js.map (compressed_size=2362482 bytes, uncompressed_size=10036679 bytes)
[debug] [2025-05-15T13:25:20.554Z] [unzip] Processing entry: client\assets\index-BX-A56oj.js.map
[debug] [2025-05-15T13:25:20.554Z] [unzip] else mkdir: C:\Users\egeme\.cache\firebase\emulators\ui-v1.15.0\client\assets
[debug] [2025-05-15T13:25:20.555Z] [unzip] deflating: C:\Users\egeme\.cache\firebase\emulators\ui-v1.15.0\client\assets\index-BX-A56oj.js.map
[debug] [2025-05-15T13:25:20.651Z] [unzip] Entry: client/assets/extensions/ (compressed_size=0 bytes, uncompressed_size=0 bytes)
[debug] [2025-05-15T13:25:20.652Z] [unzip] Processing entry: client\assets\extensions\
[debug] [2025-05-15T13:25:20.652Z] [unzip] mkdir: C:\Users\egeme\.cache\firebase\emulators\ui-v1.15.0\client\assets\extensions\
[debug] [2025-05-15T13:25:20.653Z] [unzip] Entry: client/assets/extensions/default-extension.png (compressed_size=1646 bytes, uncompressed_size=1657 bytes)
[debug] [2025-05-15T13:25:20.653Z] [unzip] Processing entry: client\assets\extensions\default-extension.png
[debug] [2025-05-15T13:25:20.653Z] [unzip] else mkdir: C:\Users\egeme\.cache\firebase\emulators\ui-v1.15.0\client\assets\extensions
[debug] [2025-05-15T13:25:20.653Z] [unzip] deflating: C:\Users\egeme\.cache\firebase\emulators\ui-v1.15.0\client\assets\extensions\default-extension.png
[debug] [2025-05-15T13:25:20.655Z] [unzip] Entry: client/assets/img/ (compressed_size=0 bytes, uncompressed_size=0 bytes)
[debug] [2025-05-15T13:25:20.655Z] [unzip] Processing entry: client\assets\img\
[debug] [2025-05-15T13:25:20.655Z] [unzip] mkdir: C:\Users\egeme\.cache\firebase\emulators\ui-v1.15.0\client\assets\img\
[debug] [2025-05-15T13:25:20.655Z] [unzip] Entry: client/assets/img/database.png (compressed_size=29449 bytes, uncompressed_size=29988 bytes)
[debug] [2025-05-15T13:25:20.655Z] [unzip] Processing entry: client\assets\img\database.png
[debug] [2025-05-15T13:25:20.656Z] [unzip] else mkdir: C:\Users\egeme\.cache\firebase\emulators\ui-v1.15.0\client\assets\img
[debug] [2025-05-15T13:25:20.656Z] [unzip] deflating: C:\Users\egeme\.cache\firebase\emulators\ui-v1.15.0\client\assets\img\database.png
[debug] [2025-05-15T13:25:20.657Z] [unzip] Entry: client/assets/provider-icons/ (compressed_size=0 bytes, uncompressed_size=0 bytes)
[debug] [2025-05-15T13:25:20.657Z] [unzip] Processing entry: client\assets\provider-icons\
[debug] [2025-05-15T13:25:20.657Z] [unzip] mkdir: C:\Users\egeme\.cache\firebase\emulators\ui-v1.15.0\client\assets\provider-icons\
[debug] [2025-05-15T13:25:20.658Z] [unzip] Entry: client/assets/provider-icons/auth_service_saml.svg (compressed_size=575 bytes, uncompressed_size=1226 bytes)
[debug] [2025-05-15T13:25:20.658Z] [unzip] Processing entry: client\assets\provider-icons\auth_service_saml.svg
[debug] [2025-05-15T13:25:20.658Z] [unzip] else mkdir: C:\Users\egeme\.cache\firebase\emulators\ui-v1.15.0\client\assets\provider-icons
[debug] [2025-05-15T13:25:20.659Z] [unzip] deflating: C:\Users\egeme\.cache\firebase\emulators\ui-v1.15.0\client\assets\provider-icons\auth_service_saml.svg
[debug] [2025-05-15T13:25:20.660Z] [unzip] Entry: client/assets/provider-icons/auth_service_phone.svg (compressed_size=261 bytes, uncompressed_size=414 bytes)
[debug] [2025-05-15T13:25:20.660Z] [unzip] Processing entry: client\assets\provider-icons\auth_service_phone.svg
[debug] [2025-05-15T13:25:20.660Z] [unzip] else mkdir: C:\Users\egeme\.cache\firebase\emulators\ui-v1.15.0\client\assets\provider-icons
[debug] [2025-05-15T13:25:20.661Z] [unzip] deflating: C:\Users\egeme\.cache\firebase\emulators\ui-v1.15.0\client\assets\provider-icons\auth_service_phone.svg
[debug] [2025-05-15T13:25:20.662Z] [unzip] Entry: client/assets/provider-icons/auth_service_facebook.svg (compressed_size=289 bytes, uncompressed_size=457 bytes)
[debug] [2025-05-15T13:25:20.662Z] [unzip] Processing entry: client\assets\provider-icons\auth_service_facebook.svg
[debug] [2025-05-15T13:25:20.662Z] [unzip] else mkdir: C:\Users\egeme\.cache\firebase\emulators\ui-v1.15.0\client\assets\provider-icons
[debug] [2025-05-15T13:25:20.662Z] [unzip] deflating: C:\Users\egeme\.cache\firebase\emulators\ui-v1.15.0\client\assets\provider-icons\auth_service_facebook.svg
[debug] [2025-05-15T13:25:20.671Z] [unzip] Entry: client/assets/provider-icons/auth_service_game_center.svg (compressed_size=991 bytes, uncompressed_size=3921 bytes)
[debug] [2025-05-15T13:25:20.671Z] [unzip] Processing entry: client\assets\provider-icons\auth_service_game_center.svg
[debug] [2025-05-15T13:25:20.671Z] [unzip] else mkdir: C:\Users\egeme\.cache\firebase\emulators\ui-v1.15.0\client\assets\provider-icons
[debug] [2025-05-15T13:25:20.671Z] [unzip] deflating: C:\Users\egeme\.cache\firebase\emulators\ui-v1.15.0\client\assets\provider-icons\auth_service_game_center.svg
[debug] [2025-05-15T13:25:20.672Z] [unzip] Entry: client/assets/provider-icons/auth_service_apple.svg (compressed_size=230 bytes, uncompressed_size=334 bytes)
[debug] [2025-05-15T13:25:20.673Z] [unzip] Processing entry: client\assets\provider-icons\auth_service_apple.svg
[debug] [2025-05-15T13:25:20.673Z] [unzip] else mkdir: C:\Users\egeme\.cache\firebase\emulators\ui-v1.15.0\client\assets\provider-icons
[debug] [2025-05-15T13:25:20.673Z] [unzip] deflating: C:\Users\egeme\.cache\firebase\emulators\ui-v1.15.0\client\assets\provider-icons\auth_service_apple.svg
[debug] [2025-05-15T13:25:20.675Z] [unzip] Entry: client/assets/provider-icons/auth_service_github.svg (compressed_size=466 bytes, uncompressed_size=838 bytes)
[debug] [2025-05-15T13:25:20.675Z] [unzip] Processing entry: client\assets\provider-icons\auth_service_github.svg
[debug] [2025-05-15T13:25:20.675Z] [unzip] else mkdir: C:\Users\egeme\.cache\firebase\emulators\ui-v1.15.0\client\assets\provider-icons
[debug] [2025-05-15T13:25:20.675Z] [unzip] deflating: C:\Users\egeme\.cache\firebase\emulators\ui-v1.15.0\client\assets\provider-icons\auth_service_github.svg
[debug] [2025-05-15T13:25:20.676Z] [unzip] Entry: client/assets/provider-icons/auth_service_mslive.svg (compressed_size=203 bytes, uncompressed_size=378 bytes)
[debug] [2025-05-15T13:25:20.677Z] [unzip] Processing entry: client\assets\provider-icons\auth_service_mslive.svg
[debug] [2025-05-15T13:25:20.677Z] [unzip] else mkdir: C:\Users\egeme\.cache\firebase\emulators\ui-v1.15.0\client\assets\provider-icons
[debug] [2025-05-15T13:25:20.677Z] [unzip] deflating: C:\Users\egeme\.cache\firebase\emulators\ui-v1.15.0\client\assets\provider-icons\auth_service_mslive.svg
[debug] [2025-05-15T13:25:20.678Z] [unzip] Entry: client/assets/provider-icons/auth_service_yahoo.svg (compressed_size=577 bytes, uncompressed_size=1182 bytes)
[debug] [2025-05-15T13:25:20.678Z] [unzip] Processing entry: client\assets\provider-icons\auth_service_yahoo.svg
[debug] [2025-05-15T13:25:20.678Z] [unzip] else mkdir: C:\Users\egeme\.cache\firebase\emulators\ui-v1.15.0\client\assets\provider-icons
[debug] [2025-05-15T13:25:20.678Z] [unzip] deflating: C:\Users\egeme\.cache\firebase\emulators\ui-v1.15.0\client\assets\provider-icons\auth_service_yahoo.svg
[debug] [2025-05-15T13:25:20.679Z] [unzip] Entry: client/assets/provider-icons/auth_service_twitter.svg (compressed_size=444 bytes, uncompressed_size=751 bytes)
[debug] [2025-05-15T13:25:20.680Z] [unzip] Processing entry: client\assets\provider-icons\auth_service_twitter.svg
[debug] [2025-05-15T13:25:20.680Z] [unzip] else mkdir: C:\Users\egeme\.cache\firebase\emulators\ui-v1.15.0\client\assets\provider-icons
[debug] [2025-05-15T13:25:20.680Z] [unzip] deflating: C:\Users\egeme\.cache\firebase\emulators\ui-v1.15.0\client\assets\provider-icons\auth_service_twitter.svg
[debug] [2025-05-15T13:25:20.682Z] [unzip] Entry: client/assets/provider-icons/auth_service_play_games.svg (compressed_size=565 bytes, uncompressed_size=1173 bytes)
[debug] [2025-05-15T13:25:20.682Z] [unzip] Processing entry: client\assets\provider-icons\auth_service_play_games.svg
[debug] [2025-05-15T13:25:20.682Z] [unzip] else mkdir: C:\Users\egeme\.cache\firebase\emulators\ui-v1.15.0\client\assets\provider-icons
[debug] [2025-05-15T13:25:20.682Z] [unzip] deflating: C:\Users\egeme\.cache\firebase\emulators\ui-v1.15.0\client\assets\provider-icons\auth_service_play_games.svg
[debug] [2025-05-15T13:25:20.683Z] [unzip] Entry: client/assets/provider-icons/auth_service_email.svg (compressed_size=228 bytes, uncompressed_size=326 bytes)
[debug] [2025-05-15T13:25:20.683Z] [unzip] Processing entry: client\assets\provider-icons\auth_service_email.svg
[debug] [2025-05-15T13:25:20.683Z] [unzip] else mkdir: C:\Users\egeme\.cache\firebase\emulators\ui-v1.15.0\client\assets\provider-icons
[debug] [2025-05-15T13:25:20.686Z] [unzip] deflating: C:\Users\egeme\.cache\firebase\emulators\ui-v1.15.0\client\assets\provider-icons\auth_service_email.svg
[debug] [2025-05-15T13:25:20.687Z] [unzip] Entry: client/assets/provider-icons/auth_service_google.svg (compressed_size=409 bytes, uncompressed_size=720 bytes)
[debug] [2025-05-15T13:25:20.688Z] [unzip] Processing entry: client\assets\provider-icons\auth_service_google.svg
[debug] [2025-05-15T13:25:20.688Z] [unzip] else mkdir: C:\Users\egeme\.cache\firebase\emulators\ui-v1.15.0\client\assets\provider-icons
[debug] [2025-05-15T13:25:20.688Z] [unzip] deflating: C:\Users\egeme\.cache\firebase\emulators\ui-v1.15.0\client\assets\provider-icons\auth_service_google.svg
[debug] [2025-05-15T13:25:20.689Z] [unzip] Entry: client/assets/provider-icons/auth_service_oidc.svg (compressed_size=414 bytes, uncompressed_size=858 bytes)
[debug] [2025-05-15T13:25:20.689Z] [unzip] Processing entry: client\assets\provider-icons\auth_service_oidc.svg
[debug] [2025-05-15T13:25:20.690Z] [unzip] else mkdir: C:\Users\egeme\.cache\firebase\emulators\ui-v1.15.0\client\assets\provider-icons
[debug] [2025-05-15T13:25:20.690Z] [unzip] deflating: C:\Users\egeme\.cache\firebase\emulators\ui-v1.15.0\client\assets\provider-icons\auth_service_oidc.svg
[debug] [2025-05-15T13:25:20.692Z] [unzip] Entry: client/browserconfig.xml (compressed_size=491 bytes, uncompressed_size=822 bytes)
[debug] [2025-05-15T13:25:20.692Z] [unzip] Processing entry: client\browserconfig.xml
[debug] [2025-05-15T13:25:20.692Z] [unzip] else mkdir: C:\Users\egeme\.cache\firebase\emulators\ui-v1.15.0\client
[debug] [2025-05-15T13:25:20.692Z] [unzip] deflating: C:\Users\egeme\.cache\firebase\emulators\ui-v1.15.0\client\browserconfig.xml
[debug] [2025-05-15T13:25:20.694Z] [unzip] Entry: client/favicon-32x32.png (compressed_size=475 bytes, uncompressed_size=475 bytes)
[debug] [2025-05-15T13:25:20.694Z] [unzip] Processing entry: client\favicon-32x32.png
[debug] [2025-05-15T13:25:20.694Z] [unzip] else mkdir: C:\Users\egeme\.cache\firebase\emulators\ui-v1.15.0\client
[debug] [2025-05-15T13:25:20.694Z] [unzip] Writing file: C:\Users\egeme\.cache\firebase\emulators\ui-v1.15.0\client\favicon-32x32.png
[debug] [2025-05-15T13:25:20.695Z] [unzip] Entry: server/ (compressed_size=0 bytes, uncompressed_size=0 bytes)
[debug] [2025-05-15T13:25:20.695Z] [unzip] Processing entry: server\
[debug] [2025-05-15T13:25:20.695Z] [unzip] mkdir: C:\Users\egeme\.cache\firebase\emulators\ui-v1.15.0\server\
[debug] [2025-05-15T13:25:20.696Z] [unzip] Entry: server/server.mjs.map (compressed_size=217845 bytes, uncompressed_size=944978 bytes)
[debug] [2025-05-15T13:25:20.696Z] [unzip] Processing entry: server\server.mjs.map
[debug] [2025-05-15T13:25:20.696Z] [unzip] else mkdir: C:\Users\egeme\.cache\firebase\emulators\ui-v1.15.0\server
[debug] [2025-05-15T13:25:20.696Z] [unzip] deflating: C:\Users\egeme\.cache\firebase\emulators\ui-v1.15.0\server\server.mjs.map
[debug] [2025-05-15T13:25:20.703Z] [unzip] Entry: server/server.mjs (compressed_size=276407 bytes, uncompressed_size=933701 bytes)
[debug] [2025-05-15T13:25:20.703Z] [unzip] Processing entry: server\server.mjs
[debug] [2025-05-15T13:25:20.703Z] [unzip] else mkdir: C:\Users\egeme\.cache\firebase\emulators\ui-v1.15.0\server
[debug] [2025-05-15T13:25:20.704Z] [unzip] deflating: C:\Users\egeme\.cache\firebase\emulators\ui-v1.15.0\server\server.mjs
[info] i  ui: Removing outdated emulator files: ui-v1.14.0 {"metadata":{"emulator":{"name":"ui"},"message":"Removing outdated emulator files: ui-v1.14.0"}}
[info] i  ui: Removing outdated emulator files: ui-v1.14.0.zip {"metadata":{"emulator":{"name":"ui"},"message":"Removing outdated emulator files: ui-v1.14.0.zip"}}
[debug] [2025-05-15T13:25:20.738Z] [Extensions] Connecting Extensions emulator, this is a noop.
[info] i  functions: Watching "D:\vs-code-projects\GymMatePlus\functions" for Cloud Functions... {"metadata":{"emulator":{"name":"functions"},"message":"Watching \"D:\\vs-code-projects\\GymMatePlus\\functions\" for Cloud Functions..."}}
[debug] [2025-05-15T13:25:20.878Z] Validating nodejs source
[debug] [2025-05-15T13:25:22.566Z] > [functions] package.json contents: {
  "name": "functions",
  "scripts": {
    "lint": "eslint --ext .js,.ts .",
    "build": "tsc",
    "build:watch": "tsc --watch",
    "serve": "npm run build && firebase emulators:start --only functions",
    "shell": "npm run build && firebase functions:shell",
    "start": "npm run shell",
    "deploy": "firebase deploy --only functions",
    "logs": "firebase functions:log"
  },
  "engines": {
    "node": "22"
  },
  "main": "lib/index.js",
  "dependencies": {
    "firebase-admin": "^12.6.0",
    "firebase-functions": "^6.0.1"
  },
  "devDependencies": {
    "@typescript-eslint/eslint-plugin": "^5.12.0",
    "@typescript-eslint/parser": "^5.12.0",
    "eslint": "^8.9.0",
    "eslint-config-google": "^0.14.0",
    "eslint-plugin-import": "^2.25.4",
    "firebase-functions-test": "^3.1.0",
    "typescript": "^4.9.0"
  },
  "private": true
}
[debug] [2025-05-15T13:25:22.567Z] Building nodejs source
[debug] [2025-05-15T13:25:22.569Z] Failed to find version of module node: reached end of search path D:\vs-code-projects\GymMatePlus\functions\node_modules
[info] +  functions: Using node@22 from host. 
[debug] [2025-05-15T13:25:22.576Z] Could not find functions.yaml. Must use http discovery
[debug] [2025-05-15T13:25:22.593Z] Found firebase-functions binary at 'D:\vs-code-projects\GymMatePlus\functions\node_modules\.bin\firebase-functions'
[info] Serving at port 8417

[debug] [2025-05-15T13:25:23.930Z] Got response from /__/functions.yaml {"endpoints":{"submitUserProfile":{"availableMemoryMb":null,"timeoutSeconds":null,"minInstances":null,"maxInstances":null,"ingressSettings":null,"concurrency":null,"serviceAccountEmail":null,"vpc":null,"platform":"gcfv2","region":["europe-west1"],"labels":{},"callableTrigger":{},"entryPoint":"submitUserProfile"},"selectGymAndPayment":{"availableMemoryMb":null,"timeoutSeconds":null,"minInstances":null,"maxInstances":null,"ingressSettings":null,"concurrency":null,"serviceAccountEmail":null,"vpc":null,"platform":"gcfv2","region":["europe-west1"],"labels":{},"callableTrigger":{},"entryPoint":"selectGymAndPayment"}},"specVersion":"v1alpha1","requiredAPIs":[],"extensions":{}}
[debug] [2025-05-15T13:25:27.991Z] defaultcredentials: writing to file C:\Users\egeme\AppData\Roaming\firebase\egemenaybir_hotmail_com_application_default_credentials.json
[debug] [2025-05-15T13:25:27.994Z] Setting GAC to C:\Users\egeme\AppData\Roaming\firebase\egemenaybir_hotmail_com_application_default_credentials.json {"metadata":{"emulator":{"name":"functions"},"message":"Setting GAC to C:\\Users\\egeme\\AppData\\Roaming\\firebase\\egemenaybir_hotmail_com_application_default_credentials.json"}}
[info] +  functions: Loaded functions definitions from source: submitUserProfile, selectGymAndPayment. {"metadata":{"emulator":{"name":"functions"},"message":"Loaded functions definitions from source: submitUserProfile, selectGymAndPayment."}}
[info] +  functions[europe-west1-submitUserProfile]: http function initialized (http://127.0.0.1:5001/plus-gymmate/europe-west1/submitUserProfile). {"metadata":{"emulator":{"name":"functions"},"message":"\u001b[1mhttp\u001b[22m function initialized (http://127.0.0.1:5001/plus-gymmate/europe-west1/submitUserProfile)."}}
[info] +  functions[europe-west1-selectGymAndPayment]: http function initialized (http://127.0.0.1:5001/plus-gymmate/europe-west1/selectGymAndPayment). {"metadata":{"emulator":{"name":"functions"},"message":"\u001b[1mhttp\u001b[22m function initialized (http://127.0.0.1:5001/plus-gymmate/europe-west1/selectGymAndPayment)."}}
[debug] [2025-05-15T13:25:28.010Z] Could not find VSCode notification endpoint: FetchError: request to http://localhost:40001/vscode/notify failed, reason: . If you are not running the Firebase Data Connect VSCode extension, this is expected and not an issue.
[info] 
┌─────────────────────────────────────────────────────────────┐
│ ✔  All emulators ready! It is now safe to connect your app. │
│ i  View Emulator UI at http://127.0.0.1:7000/               │
└─────────────────────────────────────────────────────────────┘

┌────────────────┬────────────────┬──────────────────────────────────┐
│ Emulator       │ Host:Port      │ View in Emulator UI              │
├────────────────┼────────────────┼──────────────────────────────────┤
│ Authentication │ 127.0.0.1:9099 │ http://127.0.0.1:7000/auth       │
├────────────────┼────────────────┼──────────────────────────────────┤
│ Functions      │ 127.0.0.1:5001 │ http://127.0.0.1:7000/functions  │
├────────────────┼────────────────┼──────────────────────────────────┤
│ Firestore      │ 127.0.0.1:9299 │ http://127.0.0.1:7000/firestore  │
├────────────────┼────────────────┼──────────────────────────────────┤
│ Storage        │ 127.0.0.1:9199 │ http://127.0.0.1:7000/storage    │
├────────────────┼────────────────┼──────────────────────────────────┤
│ Extensions     │ 127.0.0.1:5001 │ http://127.0.0.1:7000/extensions │
└────────────────┴────────────────┴──────────────────────────────────┘
  Emulator Hub host: 127.0.0.1 port: 4400
  Other reserved ports: 4500, 9150
┌─────────────────────────┬───────────────┬─────────────────────┐
│ Extension Instance Name │ Extension Ref │ View in Emulator UI │
└─────────────────────────┴───────────────┴─────────────────────┘
Issues? Report them at https://github.com/firebase/firebase-tools/issues and attach the *-debug.log files.
 
[debug] [2025-05-15T13:26:16.432Z] May 15, 2025 4:26:16 PM io.gapi.emulators.netty.HttpVersionRoutingHandler channelRead
INFO: Detected non-HTTP/2 connection.
 {"metadata":{"emulator":{"name":"firestore"},"message":"May 15, 2025 4:26:16 PM io.gapi.emulators.netty.HttpVersionRoutingHandler channelRead\r\nINFO: Detected non-HTTP/2 connection.\r\n"}}
[debug] [2025-05-15T13:26:17.169Z] May 15, 2025 4:26:17 PM io.gapi.emulators.netty.HttpVersionRoutingHandler channelRead
INFO: Detected non-HTTP/2 connection.
 {"metadata":{"emulator":{"name":"firestore"},"message":"May 15, 2025 4:26:17 PM io.gapi.emulators.netty.HttpVersionRoutingHandler channelRead\r\nINFO: Detected non-HTTP/2 connection.\r\n"}}
[debug] [2025-05-15T13:26:17.189Z] May 15, 2025 4:26:17 PM com.google.cloud.datastore.emulator.firestore.webchannel.FirestoreV1WebChannelAdapter$FirestoreListenHandler onClose
INFO: channel closed
 {"metadata":{"emulator":{"name":"firestore"},"message":"May 15, 2025 4:26:17 PM com.google.cloud.datastore.emulator.firestore.webchannel.FirestoreV1WebChannelAdapter$FirestoreListenHandler onClose\r\nINFO: channel closed\r\n"}}
[debug] [2025-05-15T13:28:47.228Z] May 15, 2025 4:28:47 PM io.gapi.emulators.netty.HttpVersionRoutingHandler channelRead
INFO: Detected non-HTTP/2 connection.
 {"metadata":{"emulator":{"name":"firestore"},"message":"May 15, 2025 4:28:47 PM io.gapi.emulators.netty.HttpVersionRoutingHandler channelRead\r\nINFO: Detected non-HTTP/2 connection.\r\n"}}
[debug] [2025-05-15T13:28:47.495Z] May 15, 2025 4:28:47 PM io.gapi.emulators.netty.HttpVersionRoutingHandler channelRead
INFO: Detected non-HTTP/2 connection.
 {"metadata":{"emulator":{"name":"firestore"},"message":"May 15, 2025 4:28:47 PM io.gapi.emulators.netty.HttpVersionRoutingHandler channelRead\r\nINFO: Detected non-HTTP/2 connection.\r\n"}}
[debug] [2025-05-15T13:28:47.610Z] May 15, 2025 4:28:47 PM io.gapi.emulators.netty.HttpVersionRoutingHandler channelRead
INFO: Detected non-HTTP/2 connection.
 {"metadata":{"emulator":{"name":"firestore"},"message":"May 15, 2025 4:28:47 PM io.gapi.emulators.netty.HttpVersionRoutingHandler channelRead\r\nINFO: Detected non-HTTP/2 connection.\r\n"}}
[debug] [2025-05-15T13:28:47.863Z] May 15, 2025 4:28:47 PM io.gapi.emulators.netty.HttpVersionRoutingHandler channelRead
INFO: Detected non-HTTP/2 connection.
 {"metadata":{"emulator":{"name":"firestore"},"message":"May 15, 2025 4:28:47 PM io.gapi.emulators.netty.HttpVersionRoutingHandler channelRead\r\nINFO: Detected non-HTTP/2 connection.\r\n"}}
[debug] [2025-05-15T13:28:47.978Z] May 15, 2025 4:28:47 PM io.gapi.emulators.netty.HttpVersionRoutingHandler channelRead
INFO: Detected non-HTTP/2 connection.
 {"metadata":{"emulator":{"name":"firestore"},"message":"May 15, 2025 4:28:47 PM io.gapi.emulators.netty.HttpVersionRoutingHandler channelRead\r\nINFO: Detected non-HTTP/2 connection.\r\n"}}
[debug] [2025-05-15T13:29:35.928Z] May 15, 2025 4:29:35 PM io.gapi.emulators.netty.HttpVersionRoutingHandler channelRead
INFO: Detected non-HTTP/2 connection.
 {"metadata":{"emulator":{"name":"firestore"},"message":"May 15, 2025 4:29:35 PM io.gapi.emulators.netty.HttpVersionRoutingHandler channelRead\r\nINFO: Detected non-HTTP/2 connection.\r\n"}}
[debug] [2025-05-15T13:29:36.332Z] May 15, 2025 4:29:36 PM io.gapi.emulators.netty.HttpVersionRoutingHandler channelRead
INFO: Detected non-HTTP/2 connection.
 {"metadata":{"emulator":{"name":"firestore"},"message":"May 15, 2025 4:29:36 PM io.gapi.emulators.netty.HttpVersionRoutingHandler channelRead\r\nINFO: Detected non-HTTP/2 connection.\r\n"}}
[debug] [2025-05-15T13:29:36.567Z] May 15, 2025 4:29:36 PM io.gapi.emulators.netty.HttpVersionRoutingHandler channelRead
INFO: Detected non-HTTP/2 connection.
 {"metadata":{"emulator":{"name":"firestore"},"message":"May 15, 2025 4:29:36 PM io.gapi.emulators.netty.HttpVersionRoutingHandler channelRead\r\nINFO: Detected non-HTTP/2 connection.\r\n"}}
[debug] [2025-05-15T13:29:36.699Z] May 15, 2025 4:29:36 PM io.gapi.emulators.netty.HttpVersionRoutingHandler channelRead
INFO: Detected non-HTTP/2 connection.
 {"metadata":{"emulator":{"name":"firestore"},"message":"May 15, 2025 4:29:36 PM io.gapi.emulators.netty.HttpVersionRoutingHandler channelRead\r\nINFO: Detected non-HTTP/2 connection.\r\n"}}
[debug] [2025-05-15T13:29:37.059Z] May 15, 2025 4:29:37 PM io.gapi.emulators.netty.HttpVersionRoutingHandler channelRead
INFO: Detected non-HTTP/2 connection.
 {"metadata":{"emulator":{"name":"firestore"},"message":"May 15, 2025 4:29:37 PM io.gapi.emulators.netty.HttpVersionRoutingHandler channelRead\r\nINFO: Detected non-HTTP/2 connection.\r\n"}}
[debug] [2025-05-15T13:29:41.185Z] May 15, 2025 4:29:41 PM io.gapi.emulators.netty.HttpVersionRoutingHandler channelRead
INFO: Detected non-HTTP/2 connection.
 {"metadata":{"emulator":{"name":"firestore"},"message":"May 15, 2025 4:29:41 PM io.gapi.emulators.netty.HttpVersionRoutingHandler channelRead\r\nINFO: Detected non-HTTP/2 connection.\r\n"}}
[debug] [2025-05-15T13:29:41.553Z] May 15, 2025 4:29:41 PM io.gapi.emulators.netty.HttpVersionRoutingHandler channelRead
INFO: Detected non-HTTP/2 connection.
 {"metadata":{"emulator":{"name":"firestore"},"message":"May 15, 2025 4:29:41 PM io.gapi.emulators.netty.HttpVersionRoutingHandler channelRead\r\nINFO: Detected non-HTTP/2 connection.\r\n"}}
[debug] [2025-05-15T13:29:41.892Z] May 15, 2025 4:29:41 PM io.gapi.emulators.netty.HttpVersionRoutingHandler channelRead
INFO: Detected non-HTTP/2 connection.
 {"metadata":{"emulator":{"name":"firestore"},"message":"May 15, 2025 4:29:41 PM io.gapi.emulators.netty.HttpVersionRoutingHandler channelRead\r\nINFO: Detected non-HTTP/2 connection.\r\n"}}
[debug] [2025-05-15T13:29:42.250Z] May 15, 2025 4:29:42 PM io.gapi.emulators.netty.HttpVersionRoutingHandler channelRead
INFO: Detected non-HTTP/2 connection.
 {"metadata":{"emulator":{"name":"firestore"},"message":"May 15, 2025 4:29:42 PM io.gapi.emulators.netty.HttpVersionRoutingHandler channelRead\r\nINFO: Detected non-HTTP/2 connection.\r\n"}}
[debug] [2025-05-15T13:30:15.018Z] May 15, 2025 4:30:15 PM io.gapi.emulators.netty.HttpVersionRoutingHandler channelRead
INFO: Detected non-HTTP/2 connection.
 {"metadata":{"emulator":{"name":"firestore"},"message":"May 15, 2025 4:30:15 PM io.gapi.emulators.netty.HttpVersionRoutingHandler channelRead\r\nINFO: Detected non-HTTP/2 connection.\r\n"}}
[debug] [2025-05-15T13:30:15.366Z] May 15, 2025 4:30:15 PM io.gapi.emulators.netty.HttpVersionRoutingHandler channelRead
INFO: Detected non-HTTP/2 connection.
 {"metadata":{"emulator":{"name":"firestore"},"message":"May 15, 2025 4:30:15 PM io.gapi.emulators.netty.HttpVersionRoutingHandler channelRead\r\nINFO: Detected non-HTTP/2 connection.\r\n"}}
[debug] [2025-05-15T13:30:15.692Z] May 15, 2025 4:30:15 PM io.gapi.emulators.netty.HttpVersionRoutingHandler channelRead
INFO: Detected non-HTTP/2 connection.
 {"metadata":{"emulator":{"name":"firestore"},"message":"May 15, 2025 4:30:15 PM io.gapi.emulators.netty.HttpVersionRoutingHandler channelRead\r\nINFO: Detected non-HTTP/2 connection.\r\n"}}
[debug] [2025-05-15T13:30:16.037Z] May 15, 2025 4:30:16 PM io.gapi.emulators.netty.HttpVersionRoutingHandler channelRead
INFO: Detected non-HTTP/2 connection.
 {"metadata":{"emulator":{"name":"firestore"},"message":"May 15, 2025 4:30:16 PM io.gapi.emulators.netty.HttpVersionRoutingHandler channelRead\r\nINFO: Detected non-HTTP/2 connection.\r\n"}}
[debug] [2025-05-15T13:30:37.694Z] May 15, 2025 4:30:37 PM io.gapi.emulators.netty.HttpVersionRoutingHandler channelRead
INFO: Detected non-HTTP/2 connection.
 {"metadata":{"emulator":{"name":"firestore"},"message":"May 15, 2025 4:30:37 PM io.gapi.emulators.netty.HttpVersionRoutingHandler channelRead\r\nINFO: Detected non-HTTP/2 connection.\r\n"}}
[debug] [2025-05-15T13:30:37.909Z] May 15, 2025 4:30:37 PM io.gapi.emulators.netty.HttpVersionRoutingHandler channelRead
INFO: Detected non-HTTP/2 connection.
 {"metadata":{"emulator":{"name":"firestore"},"message":"May 15, 2025 4:30:37 PM io.gapi.emulators.netty.HttpVersionRoutingHandler channelRead\r\nINFO: Detected non-HTTP/2 connection.\r\n"}}
[debug] [2025-05-15T13:30:38.079Z] May 15, 2025 4:30:38 PM io.gapi.emulators.netty.HttpVersionRoutingHandler channelRead
INFO: Detected non-HTTP/2 connection.
 {"metadata":{"emulator":{"name":"firestore"},"message":"May 15, 2025 4:30:38 PM io.gapi.emulators.netty.HttpVersionRoutingHandler channelRead\r\nINFO: Detected non-HTTP/2 connection.\r\n"}}
[debug] [2025-05-15T13:30:38.263Z] May 15, 2025 4:30:38 PM io.gapi.emulators.netty.HttpVersionRoutingHandler channelRead
INFO: Detected non-HTTP/2 connection.
 {"metadata":{"emulator":{"name":"firestore"},"message":"May 15, 2025 4:30:38 PM io.gapi.emulators.netty.HttpVersionRoutingHandler channelRead\r\nINFO: Detected non-HTTP/2 connection.\r\n"}}
[debug] [2025-05-15T13:30:38.418Z] May 15, 2025 4:30:38 PM io.gapi.emulators.netty.HttpVersionRoutingHandler channelRead
INFO: Detected non-HTTP/2 connection.
 {"metadata":{"emulator":{"name":"firestore"},"message":"May 15, 2025 4:30:38 PM io.gapi.emulators.netty.HttpVersionRoutingHandler channelRead\r\nINFO: Detected non-HTTP/2 connection.\r\n"}}
[debug] [2025-05-15T13:31:38.489Z] May 15, 2025 4:31:38 PM io.gapi.emulators.netty.HttpVersionRoutingHandler channelRead
INFO: Detected non-HTTP/2 connection.
 {"metadata":{"emulator":{"name":"firestore"},"message":"May 15, 2025 4:31:38 PM io.gapi.emulators.netty.HttpVersionRoutingHandler channelRead\r\nINFO: Detected non-HTTP/2 connection.\r\n"}}
[debug] [2025-05-15T13:31:39.183Z] May 15, 2025 4:31:39 PM io.gapi.emulators.netty.HttpVersionRoutingHandler channelRead
INFO: Detected non-HTTP/2 connection.
 {"metadata":{"emulator":{"name":"firestore"},"message":"May 15, 2025 4:31:39 PM io.gapi.emulators.netty.HttpVersionRoutingHandler channelRead\r\nINFO: Detected non-HTTP/2 connection.\r\n"}}
[debug] [2025-05-15T13:31:39.200Z] May 15, 2025 4:31:39 PM com.google.cloud.datastore.emulator.firestore.webchannel.FirestoreV1WebChannelAdapter$FirestoreListenHandler onClose
INFO: channel closed
 {"metadata":{"emulator":{"name":"firestore"},"message":"May 15, 2025 4:31:39 PM com.google.cloud.datastore.emulator.firestore.webchannel.FirestoreV1WebChannelAdapter$FirestoreListenHandler onClose\r\nINFO: channel closed\r\n"}}
[debug] [2025-05-15T13:32:09.923Z] May 15, 2025 4:32:09 PM io.gapi.emulators.netty.HttpVersionRoutingHandler channelRead
INFO: Detected non-HTTP/2 connection.
 {"metadata":{"emulator":{"name":"firestore"},"message":"May 15, 2025 4:32:09 PM io.gapi.emulators.netty.HttpVersionRoutingHandler channelRead\r\nINFO: Detected non-HTTP/2 connection.\r\n"}}
[debug] [2025-05-15T13:32:10.266Z] May 15, 2025 4:32:10 PM io.gapi.emulators.netty.HttpVersionRoutingHandler channelRead
INFO: Detected non-HTTP/2 connection.
 {"metadata":{"emulator":{"name":"firestore"},"message":"May 15, 2025 4:32:10 PM io.gapi.emulators.netty.HttpVersionRoutingHandler channelRead\r\nINFO: Detected non-HTTP/2 connection.\r\n"}}
[debug] [2025-05-15T13:32:10.524Z] May 15, 2025 4:32:10 PM io.gapi.emulators.netty.HttpVersionRoutingHandler channelRead
INFO: Detected non-HTTP/2 connection.
 {"metadata":{"emulator":{"name":"firestore"},"message":"May 15, 2025 4:32:10 PM io.gapi.emulators.netty.HttpVersionRoutingHandler channelRead\r\nINFO: Detected non-HTTP/2 connection.\r\n"}}
[debug] [2025-05-15T13:32:10.615Z] May 15, 2025 4:32:10 PM io.gapi.emulators.netty.HttpVersionRoutingHandler channelRead
INFO: Detected non-HTTP/2 connection.
 {"metadata":{"emulator":{"name":"firestore"},"message":"May 15, 2025 4:32:10 PM io.gapi.emulators.netty.HttpVersionRoutingHandler channelRead\r\nINFO: Detected non-HTTP/2 connection.\r\n"}}
[debug] [2025-05-15T13:32:10.858Z] May 15, 2025 4:32:10 PM io.gapi.emulators.netty.HttpVersionRoutingHandler channelRead
INFO: Detected non-HTTP/2 connection.
 {"metadata":{"emulator":{"name":"firestore"},"message":"May 15, 2025 4:32:10 PM io.gapi.emulators.netty.HttpVersionRoutingHandler channelRead\r\nINFO: Detected non-HTTP/2 connection.\r\n"}}
[debug] [2025-05-15T13:32:10.974Z] May 15, 2025 4:32:10 PM io.gapi.emulators.netty.HttpVersionRoutingHandler channelRead
INFO: Detected non-HTTP/2 connection.
 {"metadata":{"emulator":{"name":"firestore"},"message":"May 15, 2025 4:32:10 PM io.gapi.emulators.netty.HttpVersionRoutingHandler channelRead\r\nINFO: Detected non-HTTP/2 connection.\r\n"}}
[debug] [2025-05-15T13:32:11.221Z] May 15, 2025 4:32:11 PM io.gapi.emulators.netty.HttpVersionRoutingHandler channelRead
INFO: Detected non-HTTP/2 connection.
 {"metadata":{"emulator":{"name":"firestore"},"message":"May 15, 2025 4:32:11 PM io.gapi.emulators.netty.HttpVersionRoutingHandler channelRead\r\nINFO: Detected non-HTTP/2 connection.\r\n"}}
[debug] [2025-05-15T13:32:11.323Z] May 15, 2025 4:32:11 PM io.gapi.emulators.netty.HttpVersionRoutingHandler channelRead
INFO: Detected non-HTTP/2 connection.
 {"metadata":{"emulator":{"name":"firestore"},"message":"May 15, 2025 4:32:11 PM io.gapi.emulators.netty.HttpVersionRoutingHandler channelRead\r\nINFO: Detected non-HTTP/2 connection.\r\n"}}
[debug] [2025-05-15T13:32:11.540Z] May 15, 2025 4:32:11 PM io.gapi.emulators.netty.HttpVersionRoutingHandler channelRead
INFO: Detected non-HTTP/2 connection.
 {"metadata":{"emulator":{"name":"firestore"},"message":"May 15, 2025 4:32:11 PM io.gapi.emulators.netty.HttpVersionRoutingHandler channelRead\r\nINFO: Detected non-HTTP/2 connection.\r\n"}}
[debug] [2025-05-15T13:32:26.651Z] May 15, 2025 4:32:26 PM io.gapi.emulators.netty.HttpVersionRoutingHandler channelRead
INFO: Detected non-HTTP/2 connection.
 {"metadata":{"emulator":{"name":"firestore"},"message":"May 15, 2025 4:32:26 PM io.gapi.emulators.netty.HttpVersionRoutingHandler channelRead\r\nINFO: Detected non-HTTP/2 connection.\r\n"}}
[debug] [2025-05-15T13:32:27.097Z] May 15, 2025 4:32:27 PM io.gapi.emulators.netty.HttpVersionRoutingHandler channelRead
INFO: Detected non-HTTP/2 connection.
 {"metadata":{"emulator":{"name":"firestore"},"message":"May 15, 2025 4:32:27 PM io.gapi.emulators.netty.HttpVersionRoutingHandler channelRead\r\nINFO: Detected non-HTTP/2 connection.\r\n"}}
[debug] [2025-05-15T13:32:27.363Z] May 15, 2025 4:32:27 PM io.gapi.emulators.netty.HttpVersionRoutingHandler channelRead
INFO: Detected non-HTTP/2 connection.
 {"metadata":{"emulator":{"name":"firestore"},"message":"May 15, 2025 4:32:27 PM io.gapi.emulators.netty.HttpVersionRoutingHandler channelRead\r\nINFO: Detected non-HTTP/2 connection.\r\n"}}
[debug] [2025-05-15T13:32:27.391Z] May 15, 2025 4:32:27 PM io.gapi.emulators.netty.HttpVersionRoutingHandler channelRead
INFO: Detected non-HTTP/2 connection.
 {"metadata":{"emulator":{"name":"firestore"},"message":"May 15, 2025 4:32:27 PM io.gapi.emulators.netty.HttpVersionRoutingHandler channelRead\r\nINFO: Detected non-HTTP/2 connection.\r\n"}}
[debug] [2025-05-15T13:32:27.705Z] May 15, 2025 4:32:27 PM io.gapi.emulators.netty.HttpVersionRoutingHandler channelRead
INFO: Detected non-HTTP/2 connection.
 {"metadata":{"emulator":{"name":"firestore"},"message":"May 15, 2025 4:32:27 PM io.gapi.emulators.netty.HttpVersionRoutingHandler channelRead\r\nINFO: Detected non-HTTP/2 connection.\r\n"}}
[debug] [2025-05-15T13:32:28.056Z] May 15, 2025 4:32:28 PM io.gapi.emulators.netty.HttpVersionRoutingHandler channelRead
INFO: Detected non-HTTP/2 connection.
 {"metadata":{"emulator":{"name":"firestore"},"message":"May 15, 2025 4:32:28 PM io.gapi.emulators.netty.HttpVersionRoutingHandler channelRead\r\nINFO: Detected non-HTTP/2 connection.\r\n"}}
[debug] [2025-05-15T13:32:28.057Z] May 15, 2025 4:32:28 PM io.gapi.emulators.netty.HttpVersionRoutingHandler channelRead
INFO: Detected non-HTTP/2 connection.
 {"metadata":{"emulator":{"name":"firestore"},"message":"May 15, 2025 4:32:28 PM io.gapi.emulators.netty.HttpVersionRoutingHandler channelRead\r\nINFO: Detected non-HTTP/2 connection.\r\n"}}
[debug] [2025-05-15T13:32:28.313Z] May 15, 2025 4:32:28 PM io.gapi.emulators.netty.HttpVersionRoutingHandler channelRead
INFO: Detected non-HTTP/2 connection.
 {"metadata":{"emulator":{"name":"firestore"},"message":"May 15, 2025 4:32:28 PM io.gapi.emulators.netty.HttpVersionRoutingHandler channelRead\r\nINFO: Detected non-HTTP/2 connection.\r\n"}}
[debug] [2025-05-15T13:32:28.432Z] May 15, 2025 4:32:28 PM io.gapi.emulators.netty.HttpVersionRoutingHandler channelRead
INFO: Detected non-HTTP/2 connection.
 {"metadata":{"emulator":{"name":"firestore"},"message":"May 15, 2025 4:32:28 PM io.gapi.emulators.netty.HttpVersionRoutingHandler channelRead\r\nINFO: Detected non-HTTP/2 connection.\r\n"}}
[debug] [2025-05-15T13:32:28.645Z] May 15, 2025 4:32:28 PM io.gapi.emulators.netty.HttpVersionRoutingHandler channelRead
INFO: Detected non-HTTP/2 connection.
 {"metadata":{"emulator":{"name":"firestore"},"message":"May 15, 2025 4:32:28 PM io.gapi.emulators.netty.HttpVersionRoutingHandler channelRead\r\nINFO: Detected non-HTTP/2 connection.\r\n"}}
[debug] [2025-05-15T13:32:28.706Z] May 15, 2025 4:32:28 PM io.gapi.emulators.netty.HttpVersionRoutingHandler channelRead
INFO: Detected non-HTTP/2 connection.
 {"metadata":{"emulator":{"name":"firestore"},"message":"May 15, 2025 4:32:28 PM io.gapi.emulators.netty.HttpVersionRoutingHandler channelRead\r\nINFO: Detected non-HTTP/2 connection.\r\n"}}
[debug] [2025-05-15T13:32:58.744Z] May 15, 2025 4:32:58 PM io.gapi.emulators.netty.HttpVersionRoutingHandler channelRead
INFO: Detected non-HTTP/2 connection.
 {"metadata":{"emulator":{"name":"firestore"},"message":"May 15, 2025 4:32:58 PM io.gapi.emulators.netty.HttpVersionRoutingHandler channelRead\r\nINFO: Detected non-HTTP/2 connection.\r\n"}}
[debug] [2025-05-15T13:33:29.084Z] May 15, 2025 4:33:29 PM io.gapi.emulators.netty.HttpVersionRoutingHandler channelRead
INFO: Detected non-HTTP/2 connection.
 {"metadata":{"emulator":{"name":"firestore"},"message":"May 15, 2025 4:33:29 PM io.gapi.emulators.netty.HttpVersionRoutingHandler channelRead\r\nINFO: Detected non-HTTP/2 connection.\r\n"}}
[debug] [2025-05-15T13:33:29.146Z] May 15, 2025 4:33:29 PM io.gapi.emulators.netty.HttpVersionRoutingHandler channelRead
INFO: Detected non-HTTP/2 connection.
 {"metadata":{"emulator":{"name":"firestore"},"message":"May 15, 2025 4:33:29 PM io.gapi.emulators.netty.HttpVersionRoutingHandler channelRead\r\nINFO: Detected non-HTTP/2 connection.\r\n"}}
[debug] [2025-05-15T13:33:29.187Z] May 15, 2025 4:33:29 PM com.google.cloud.datastore.emulator.firestore.webchannel.FirestoreV1WebChannelAdapter$FirestoreListenHandler onClose
INFO: channel closed
 {"metadata":{"emulator":{"name":"firestore"},"message":"May 15, 2025 4:33:29 PM com.google.cloud.datastore.emulator.firestore.webchannel.FirestoreV1WebChannelAdapter$FirestoreListenHandler onClose\r\nINFO: channel closed\r\n"}}
[debug] [2025-05-15T13:49:32.194Z] May 15, 2025 4:49:32 PM io.gapi.emulators.netty.HttpVersionRoutingHandler channelRead
INFO: Detected non-HTTP/2 connection.
 {"metadata":{"emulator":{"name":"firestore"},"message":"May 15, 2025 4:49:32 PM io.gapi.emulators.netty.HttpVersionRoutingHandler channelRead\r\nINFO: Detected non-HTTP/2 connection.\r\n"}}
[debug] [2025-05-15T13:49:32.452Z] May 15, 2025 4:49:32 PM io.gapi.emulators.netty.HttpVersionRoutingHandler channelRead
INFO: Detected non-HTTP/2 connection.
 {"metadata":{"emulator":{"name":"firestore"},"message":"May 15, 2025 4:49:32 PM io.gapi.emulators.netty.HttpVersionRoutingHandler channelRead\r\nINFO: Detected non-HTTP/2 connection.\r\n"}}
[debug] [2025-05-15T13:49:32.563Z] May 15, 2025 4:49:32 PM io.gapi.emulators.netty.HttpVersionRoutingHandler channelRead
INFO: Detected non-HTTP/2 connection.
 {"metadata":{"emulator":{"name":"firestore"},"message":"May 15, 2025 4:49:32 PM io.gapi.emulators.netty.HttpVersionRoutingHandler channelRead\r\nINFO: Detected non-HTTP/2 connection.\r\n"}}
[debug] [2025-05-15T13:49:33.095Z] May 15, 2025 4:49:33 PM io.gapi.emulators.netty.HttpVersionRoutingHandler channelRead
INFO: Detected non-HTTP/2 connection.
 {"metadata":{"emulator":{"name":"firestore"},"message":"May 15, 2025 4:49:33 PM io.gapi.emulators.netty.HttpVersionRoutingHandler channelRead\r\nINFO: Detected non-HTTP/2 connection.\r\n"}}
[debug] [2025-05-15T13:49:33.444Z] May 15, 2025 4:49:33 PM io.gapi.emulators.netty.HttpVersionRoutingHandler channelRead
INFO: Detected non-HTTP/2 connection.
 {"metadata":{"emulator":{"name":"firestore"},"message":"May 15, 2025 4:49:33 PM io.gapi.emulators.netty.HttpVersionRoutingHandler channelRead\r\nINFO: Detected non-HTTP/2 connection.\r\n"}}
[debug] [2025-05-15T13:50:19.166Z] May 15, 2025 4:50:19 PM io.gapi.emulators.netty.HttpVersionRoutingHandler channelRead
INFO: Detected non-HTTP/2 connection.
 {"metadata":{"emulator":{"name":"firestore"},"message":"May 15, 2025 4:50:19 PM io.gapi.emulators.netty.HttpVersionRoutingHandler channelRead\r\nINFO: Detected non-HTTP/2 connection.\r\n"}}
[debug] [2025-05-15T13:50:33.835Z] May 15, 2025 4:50:33 PM io.gapi.emulators.netty.HttpVersionRoutingHandler channelRead
INFO: Detected non-HTTP/2 connection.
 {"metadata":{"emulator":{"name":"firestore"},"message":"May 15, 2025 4:50:33 PM io.gapi.emulators.netty.HttpVersionRoutingHandler channelRead\r\nINFO: Detected non-HTTP/2 connection.\r\n"}}
[debug] [2025-05-15T13:50:33.854Z] May 15, 2025 4:50:33 PM com.google.cloud.datastore.emulator.firestore.webchannel.FirestoreV1WebChannelAdapter$FirestoreListenHandler onClose
INFO: channel closed
 {"metadata":{"emulator":{"name":"firestore"},"message":"May 15, 2025 4:50:33 PM com.google.cloud.datastore.emulator.firestore.webchannel.FirestoreV1WebChannelAdapter$FirestoreListenHandler onClose\r\nINFO: channel closed\r\n"}}
[debug] [2025-05-15T14:01:12.740Z] May 15, 2025 5:01:12 PM io.gapi.emulators.netty.HttpVersionRoutingHandler channelRead
INFO: Detected non-HTTP/2 connection.
 {"metadata":{"emulator":{"name":"firestore"},"message":"May 15, 2025 5:01:12 PM io.gapi.emulators.netty.HttpVersionRoutingHandler channelRead\r\nINFO: Detected non-HTTP/2 connection.\r\n"}}
[debug] [2025-05-15T14:01:13.003Z] May 15, 2025 5:01:13 PM io.gapi.emulators.netty.HttpVersionRoutingHandler channelRead
INFO: Detected non-HTTP/2 connection.
 {"metadata":{"emulator":{"name":"firestore"},"message":"May 15, 2025 5:01:13 PM io.gapi.emulators.netty.HttpVersionRoutingHandler channelRead\r\nINFO: Detected non-HTTP/2 connection.\r\n"}}
[debug] [2025-05-15T14:01:13.094Z] May 15, 2025 5:01:13 PM io.gapi.emulators.netty.HttpVersionRoutingHandler channelRead
INFO: Detected non-HTTP/2 connection.
 {"metadata":{"emulator":{"name":"firestore"},"message":"May 15, 2025 5:01:13 PM io.gapi.emulators.netty.HttpVersionRoutingHandler channelRead\r\nINFO: Detected non-HTTP/2 connection.\r\n"}}
[debug] [2025-05-15T14:01:13.336Z] May 15, 2025 5:01:13 PM io.gapi.emulators.netty.HttpVersionRoutingHandler channelRead
INFO: Detected non-HTTP/2 connection.
 {"metadata":{"emulator":{"name":"firestore"},"message":"May 15, 2025 5:01:13 PM io.gapi.emulators.netty.HttpVersionRoutingHandler channelRead\r\nINFO: Detected non-HTTP/2 connection.\r\n"}}
[debug] [2025-05-15T14:01:13.436Z] May 15, 2025 5:01:13 PM io.gapi.emulators.netty.HttpVersionRoutingHandler channelRead
INFO: Detected non-HTTP/2 connection.
 {"metadata":{"emulator":{"name":"firestore"},"message":"May 15, 2025 5:01:13 PM io.gapi.emulators.netty.HttpVersionRoutingHandler channelRead\r\nINFO: Detected non-HTTP/2 connection.\r\n"}}
[debug] [2025-05-15T14:01:36.945Z] May 15, 2025 5:01:36 PM io.gapi.emulators.netty.HttpVersionRoutingHandler channelRead
INFO: Detected non-HTTP/2 connection.
 {"metadata":{"emulator":{"name":"firestore"},"message":"May 15, 2025 5:01:36 PM io.gapi.emulators.netty.HttpVersionRoutingHandler channelRead\r\nINFO: Detected non-HTTP/2 connection.\r\n"}}
[debug] [2025-05-15T14:01:37.280Z] May 15, 2025 5:01:37 PM io.gapi.emulators.netty.HttpVersionRoutingHandler channelRead
INFO: Detected non-HTTP/2 connection.
 {"metadata":{"emulator":{"name":"firestore"},"message":"May 15, 2025 5:01:37 PM io.gapi.emulators.netty.HttpVersionRoutingHandler channelRead\r\nINFO: Detected non-HTTP/2 connection.\r\n"}}
[debug] [2025-05-15T14:01:37.623Z] May 15, 2025 5:01:37 PM io.gapi.emulators.netty.HttpVersionRoutingHandler channelRead
INFO: Detected non-HTTP/2 connection.
 {"metadata":{"emulator":{"name":"firestore"},"message":"May 15, 2025 5:01:37 PM io.gapi.emulators.netty.HttpVersionRoutingHandler channelRead\r\nINFO: Detected non-HTTP/2 connection.\r\n"}}
[debug] [2025-05-15T14:01:37.982Z] May 15, 2025 5:01:37 PM io.gapi.emulators.netty.HttpVersionRoutingHandler channelRead
INFO: Detected non-HTTP/2 connection.
 {"metadata":{"emulator":{"name":"firestore"},"message":"May 15, 2025 5:01:37 PM io.gapi.emulators.netty.HttpVersionRoutingHandler channelRead\r\nINFO: Detected non-HTTP/2 connection.\r\n"}}
[debug] [2025-05-15T14:02:08.402Z] May 15, 2025 5:02:08 PM io.gapi.emulators.netty.HttpVersionRoutingHandler channelRead
INFO: Detected non-HTTP/2 connection.
 {"metadata":{"emulator":{"name":"firestore"},"message":"May 15, 2025 5:02:08 PM io.gapi.emulators.netty.HttpVersionRoutingHandler channelRead\r\nINFO: Detected non-HTTP/2 connection.\r\n"}}
[debug] [2025-05-15T14:02:37.843Z] May 15, 2025 5:02:37 PM io.gapi.emulators.netty.HttpVersionRoutingHandler channelRead
INFO: Detected non-HTTP/2 connection.
 {"metadata":{"emulator":{"name":"firestore"},"message":"May 15, 2025 5:02:37 PM io.gapi.emulators.netty.HttpVersionRoutingHandler channelRead\r\nINFO: Detected non-HTTP/2 connection.\r\n"}}
[debug] [2025-05-15T14:02:37.850Z] May 15, 2025 5:02:37 PM com.google.cloud.datastore.emulator.firestore.webchannel.FirestoreV1WebChannelAdapter$FirestoreListenHandler onClose
INFO: channel closed
 {"metadata":{"emulator":{"name":"firestore"},"message":"May 15, 2025 5:02:37 PM com.google.cloud.datastore.emulator.firestore.webchannel.FirestoreV1WebChannelAdapter$FirestoreListenHandler onClose\r\nINFO: channel closed\r\n"}}
[debug] [2025-05-15T14:02:59.220Z] May 15, 2025 5:02:59 PM io.gapi.emulators.netty.HttpVersionRoutingHandler channelRead
INFO: Detected non-HTTP/2 connection.
 {"metadata":{"emulator":{"name":"firestore"},"message":"May 15, 2025 5:02:59 PM io.gapi.emulators.netty.HttpVersionRoutingHandler channelRead\r\nINFO: Detected non-HTTP/2 connection.\r\n"}}
[debug] [2025-05-15T14:02:59.483Z] May 15, 2025 5:02:59 PM io.gapi.emulators.netty.HttpVersionRoutingHandler channelRead
INFO: Detected non-HTTP/2 connection.
 {"metadata":{"emulator":{"name":"firestore"},"message":"May 15, 2025 5:02:59 PM io.gapi.emulators.netty.HttpVersionRoutingHandler channelRead\r\nINFO: Detected non-HTTP/2 connection.\r\n"}}
[debug] [2025-05-15T14:02:59.594Z] May 15, 2025 5:02:59 PM io.gapi.emulators.netty.HttpVersionRoutingHandler channelRead
INFO: Detected non-HTTP/2 connection.
 {"metadata":{"emulator":{"name":"firestore"},"message":"May 15, 2025 5:02:59 PM io.gapi.emulators.netty.HttpVersionRoutingHandler channelRead\r\nINFO: Detected non-HTTP/2 connection.\r\n"}}
[debug] [2025-05-15T14:02:59.820Z] May 15, 2025 5:02:59 PM io.gapi.emulators.netty.HttpVersionRoutingHandler channelRead
INFO: Detected non-HTTP/2 connection.
 {"metadata":{"emulator":{"name":"firestore"},"message":"May 15, 2025 5:02:59 PM io.gapi.emulators.netty.HttpVersionRoutingHandler channelRead\r\nINFO: Detected non-HTTP/2 connection.\r\n"}}
[debug] [2025-05-15T14:02:59.975Z] May 15, 2025 5:02:59 PM io.gapi.emulators.netty.HttpVersionRoutingHandler channelRead
INFO: Detected non-HTTP/2 connection.
 {"metadata":{"emulator":{"name":"firestore"},"message":"May 15, 2025 5:02:59 PM io.gapi.emulators.netty.HttpVersionRoutingHandler channelRead\r\nINFO: Detected non-HTTP/2 connection.\r\n"}}
[debug] [2025-05-15T14:04:00.342Z] May 15, 2025 5:04:00 PM io.gapi.emulators.netty.HttpVersionRoutingHandler channelRead
INFO: Detected non-HTTP/2 connection.
 {"metadata":{"emulator":{"name":"firestore"},"message":"May 15, 2025 5:04:00 PM io.gapi.emulators.netty.HttpVersionRoutingHandler channelRead\r\nINFO: Detected non-HTTP/2 connection.\r\n"}}
[debug] [2025-05-15T14:04:00.846Z] May 15, 2025 5:04:00 PM io.gapi.emulators.netty.HttpVersionRoutingHandler channelRead
INFO: Detected non-HTTP/2 connection.
 {"metadata":{"emulator":{"name":"firestore"},"message":"May 15, 2025 5:04:00 PM io.gapi.emulators.netty.HttpVersionRoutingHandler channelRead\r\nINFO: Detected non-HTTP/2 connection.\r\n"}}
[debug] [2025-05-15T14:04:00.874Z] May 15, 2025 5:04:00 PM com.google.cloud.datastore.emulator.firestore.webchannel.FirestoreV1WebChannelAdapter$FirestoreListenHandler onClose
INFO: channel closed
 {"metadata":{"emulator":{"name":"firestore"},"message":"May 15, 2025 5:04:00 PM com.google.cloud.datastore.emulator.firestore.webchannel.FirestoreV1WebChannelAdapter$FirestoreListenHandler onClose\r\nINFO: channel closed\r\n"}}
[debug] [2025-05-15T14:04:29.180Z] May 15, 2025 5:04:29 PM io.gapi.emulators.netty.HttpVersionRoutingHandler channelRead
INFO: Detected non-HTTP/2 connection.
 {"metadata":{"emulator":{"name":"firestore"},"message":"May 15, 2025 5:04:29 PM io.gapi.emulators.netty.HttpVersionRoutingHandler channelRead\r\nINFO: Detected non-HTTP/2 connection.\r\n"}}
[debug] [2025-05-15T14:04:29.434Z] May 15, 2025 5:04:29 PM io.gapi.emulators.netty.HttpVersionRoutingHandler channelRead
INFO: Detected non-HTTP/2 connection.
 {"metadata":{"emulator":{"name":"firestore"},"message":"May 15, 2025 5:04:29 PM io.gapi.emulators.netty.HttpVersionRoutingHandler channelRead\r\nINFO: Detected non-HTTP/2 connection.\r\n"}}
[debug] [2025-05-15T14:04:29.520Z] May 15, 2025 5:04:29 PM io.gapi.emulators.netty.HttpVersionRoutingHandler channelRead
INFO: Detected non-HTTP/2 connection.
 {"metadata":{"emulator":{"name":"firestore"},"message":"May 15, 2025 5:04:29 PM io.gapi.emulators.netty.HttpVersionRoutingHandler channelRead\r\nINFO: Detected non-HTTP/2 connection.\r\n"}}
[debug] [2025-05-15T14:04:29.775Z] May 15, 2025 5:04:29 PM io.gapi.emulators.netty.HttpVersionRoutingHandler channelRead
INFO: Detected non-HTTP/2 connection.
 {"metadata":{"emulator":{"name":"firestore"},"message":"May 15, 2025 5:04:29 PM io.gapi.emulators.netty.HttpVersionRoutingHandler channelRead\r\nINFO: Detected non-HTTP/2 connection.\r\n"}}
[debug] [2025-05-15T14:04:29.873Z] May 15, 2025 5:04:29 PM io.gapi.emulators.netty.HttpVersionRoutingHandler channelRead
INFO: Detected non-HTTP/2 connection.
 {"metadata":{"emulator":{"name":"firestore"},"message":"May 15, 2025 5:04:29 PM io.gapi.emulators.netty.HttpVersionRoutingHandler channelRead\r\nINFO: Detected non-HTTP/2 connection.\r\n"}}
[debug] [2025-05-15T14:04:30.857Z] May 15, 2025 5:04:30 PM io.gapi.emulators.netty.HttpVersionRoutingHandler channelRead
INFO: Detected non-HTTP/2 connection.
 {"metadata":{"emulator":{"name":"firestore"},"message":"May 15, 2025 5:04:30 PM io.gapi.emulators.netty.HttpVersionRoutingHandler channelRead\r\nINFO: Detected non-HTTP/2 connection.\r\n"}}
[debug] [2025-05-15T14:04:31.219Z] May 15, 2025 5:04:31 PM io.gapi.emulators.netty.HttpVersionRoutingHandler channelRead
INFO: Detected non-HTTP/2 connection.
 {"metadata":{"emulator":{"name":"firestore"},"message":"May 15, 2025 5:04:31 PM io.gapi.emulators.netty.HttpVersionRoutingHandler channelRead\r\nINFO: Detected non-HTTP/2 connection.\r\n"}}
[debug] [2025-05-15T14:04:31.563Z] May 15, 2025 5:04:31 PM io.gapi.emulators.netty.HttpVersionRoutingHandler channelRead
INFO: Detected non-HTTP/2 connection.
 {"metadata":{"emulator":{"name":"firestore"},"message":"May 15, 2025 5:04:31 PM io.gapi.emulators.netty.HttpVersionRoutingHandler channelRead\r\nINFO: Detected non-HTTP/2 connection.\r\n"}}
[debug] [2025-05-15T14:04:31.905Z] May 15, 2025 5:04:31 PM io.gapi.emulators.netty.HttpVersionRoutingHandler channelRead
INFO: Detected non-HTTP/2 connection.
 {"metadata":{"emulator":{"name":"firestore"},"message":"May 15, 2025 5:04:31 PM io.gapi.emulators.netty.HttpVersionRoutingHandler channelRead\r\nINFO: Detected non-HTTP/2 connection.\r\n"}}
[debug] [2025-05-15T14:04:42.161Z] May 15, 2025 5:04:42 PM io.gapi.emulators.netty.HttpVersionRoutingHandler channelRead
INFO: Detected non-HTTP/2 connection.
 {"metadata":{"emulator":{"name":"firestore"},"message":"May 15, 2025 5:04:42 PM io.gapi.emulators.netty.HttpVersionRoutingHandler channelRead\r\nINFO: Detected non-HTTP/2 connection.\r\n"}}
[debug] [2025-05-15T14:04:42.517Z] May 15, 2025 5:04:42 PM io.gapi.emulators.netty.HttpVersionRoutingHandler channelRead
INFO: Detected non-HTTP/2 connection.
 {"metadata":{"emulator":{"name":"firestore"},"message":"May 15, 2025 5:04:42 PM io.gapi.emulators.netty.HttpVersionRoutingHandler channelRead\r\nINFO: Detected non-HTTP/2 connection.\r\n"}}
[debug] [2025-05-15T14:04:42.843Z] May 15, 2025 5:04:42 PM io.gapi.emulators.netty.HttpVersionRoutingHandler channelRead
INFO: Detected non-HTTP/2 connection.
 {"metadata":{"emulator":{"name":"firestore"},"message":"May 15, 2025 5:04:42 PM io.gapi.emulators.netty.HttpVersionRoutingHandler channelRead\r\nINFO: Detected non-HTTP/2 connection.\r\n"}}
[debug] [2025-05-15T14:04:43.185Z] May 15, 2025 5:04:43 PM io.gapi.emulators.netty.HttpVersionRoutingHandler channelRead
INFO: Detected non-HTTP/2 connection.
 {"metadata":{"emulator":{"name":"firestore"},"message":"May 15, 2025 5:04:43 PM io.gapi.emulators.netty.HttpVersionRoutingHandler channelRead\r\nINFO: Detected non-HTTP/2 connection.\r\n"}}
[debug] [2025-05-15T14:05:07.222Z] May 15, 2025 5:05:07 PM io.gapi.emulators.netty.HttpVersionRoutingHandler channelRead
INFO: Detected non-HTTP/2 connection.
 {"metadata":{"emulator":{"name":"firestore"},"message":"May 15, 2025 5:05:07 PM io.gapi.emulators.netty.HttpVersionRoutingHandler channelRead\r\nINFO: Detected non-HTTP/2 connection.\r\n"}}
[debug] [2025-05-15T14:05:07.581Z] May 15, 2025 5:05:07 PM io.gapi.emulators.netty.HttpVersionRoutingHandler channelRead
INFO: Detected non-HTTP/2 connection.
 {"metadata":{"emulator":{"name":"firestore"},"message":"May 15, 2025 5:05:07 PM io.gapi.emulators.netty.HttpVersionRoutingHandler channelRead\r\nINFO: Detected non-HTTP/2 connection.\r\n"}}
[debug] [2025-05-15T14:05:07.907Z] May 15, 2025 5:05:07 PM io.gapi.emulators.netty.HttpVersionRoutingHandler channelRead
INFO: Detected non-HTTP/2 connection.
 {"metadata":{"emulator":{"name":"firestore"},"message":"May 15, 2025 5:05:07 PM io.gapi.emulators.netty.HttpVersionRoutingHandler channelRead\r\nINFO: Detected non-HTTP/2 connection.\r\n"}}
[debug] [2025-05-15T14:05:11.430Z] May 15, 2025 5:05:11 PM io.gapi.emulators.netty.HttpVersionRoutingHandler channelRead
INFO: Detected non-HTTP/2 connection.
 {"metadata":{"emulator":{"name":"firestore"},"message":"May 15, 2025 5:05:11 PM io.gapi.emulators.netty.HttpVersionRoutingHandler channelRead\r\nINFO: Detected non-HTTP/2 connection.\r\n"}}
[debug] [2025-05-15T14:05:11.923Z] May 15, 2025 5:05:11 PM io.gapi.emulators.netty.HttpVersionRoutingHandler channelRead
INFO: Detected non-HTTP/2 connection.
 {"metadata":{"emulator":{"name":"firestore"},"message":"May 15, 2025 5:05:11 PM io.gapi.emulators.netty.HttpVersionRoutingHandler channelRead\r\nINFO: Detected non-HTTP/2 connection.\r\n"}}
[debug] [2025-05-15T14:05:12.200Z] May 15, 2025 5:05:12 PM io.gapi.emulators.netty.HttpVersionRoutingHandler channelRead
INFO: Detected non-HTTP/2 connection.
 {"metadata":{"emulator":{"name":"firestore"},"message":"May 15, 2025 5:05:12 PM io.gapi.emulators.netty.HttpVersionRoutingHandler channelRead\r\nINFO: Detected non-HTTP/2 connection.\r\n"}}
[debug] [2025-05-15T14:05:12.282Z] May 15, 2025 5:05:12 PM io.gapi.emulators.netty.HttpVersionRoutingHandler channelRead
INFO: Detected non-HTTP/2 connection.
 {"metadata":{"emulator":{"name":"firestore"},"message":"May 15, 2025 5:05:12 PM io.gapi.emulators.netty.HttpVersionRoutingHandler channelRead\r\nINFO: Detected non-HTTP/2 connection.\r\n"}}
[debug] [2025-05-15T14:05:12.530Z] May 15, 2025 5:05:12 PM io.gapi.emulators.netty.HttpVersionRoutingHandler channelRead
INFO: Detected non-HTTP/2 connection.
 {"metadata":{"emulator":{"name":"firestore"},"message":"May 15, 2025 5:05:12 PM io.gapi.emulators.netty.HttpVersionRoutingHandler channelRead\r\nINFO: Detected non-HTTP/2 connection.\r\n"}}
[debug] [2025-05-15T14:06:12.554Z] May 15, 2025 5:06:12 PM io.gapi.emulators.netty.HttpVersionRoutingHandler channelRead
INFO: Detected non-HTTP/2 connection.
 {"metadata":{"emulator":{"name":"firestore"},"message":"May 15, 2025 5:06:12 PM io.gapi.emulators.netty.HttpVersionRoutingHandler channelRead\r\nINFO: Detected non-HTTP/2 connection.\r\n"}}
[debug] [2025-05-15T14:06:13.175Z] May 15, 2025 5:06:13 PM io.gapi.emulators.netty.HttpVersionRoutingHandler channelRead
INFO: Detected non-HTTP/2 connection.
 {"metadata":{"emulator":{"name":"firestore"},"message":"May 15, 2025 5:06:13 PM io.gapi.emulators.netty.HttpVersionRoutingHandler channelRead\r\nINFO: Detected non-HTTP/2 connection.\r\n"}}
[debug] [2025-05-15T14:06:13.186Z] May 15, 2025 5:06:13 PM com.google.cloud.datastore.emulator.firestore.webchannel.FirestoreV1WebChannelAdapter$FirestoreListenHandler onClose
INFO: channel closed
 {"metadata":{"emulator":{"name":"firestore"},"message":"May 15, 2025 5:06:13 PM com.google.cloud.datastore.emulator.firestore.webchannel.FirestoreV1WebChannelAdapter$FirestoreListenHandler onClose\r\nINFO: channel closed\r\n"}}
